Library/Bee/Android/Prj/IL2CPP/Gradle/launcher/build/intermediates/manifest_merge_blame_file/release/manifest-merger-blame-release-report.txt
1<?xml version="1.0" encoding="utf-8"?>
2<manifest xmlns:android="http://schemas.android.com/apk/res/android"
3    package="com.unity.template.ar_mobile"
4    android:installLocation="preferExternal"
5    android:versionCode="1"
6    android:versionName="1.0.0" >
7
8    <uses-sdk
9        android:minSdkVersion="26"
9-->src\main\AndroidManifest.xml
10        android:targetSdkVersion="35" />
10-->src\main\AndroidManifest.xml
11
12    <supports-screens
12-->src\main\AndroidManifest.xml:4:3-163
13        android:anyDensity="true"
13-->src\main\AndroidManifest.xml:4:135-160
14        android:largeScreens="true"
14-->src\main\AndroidManifest.xml:4:78-105
15        android:normalScreens="true"
15-->src\main\AndroidManifest.xml:4:49-77
16        android:smallScreens="true"
16-->src\main\AndroidManifest.xml:4:21-48
17        android:xlargeScreens="true" />
17-->src\main\AndroidManifest.xml:4:106-134
18
19    <uses-permission android:name="android.permission.INTERNET" />
19-->[:unityLibrary] AndroidManifest.xml:8:5-67
19-->[:unityLibrary] AndroidManifest.xml:8:22-64
20    <uses-permission android:name="android.permission.CAMERA" />
20-->[:unityLibrary] AndroidManifest.xml:9:5-65
20-->[:unityLibrary] AndroidManifest.xml:9:22-62
21
22    <uses-feature android:glEsVersion="0x00030000" />
22-->[:unityLibrary] AndroidManifest.xml:11:5-54
22-->[:unityLibrary] AndroidManifest.xml:11:19-51
23    <uses-feature
23-->[:unityLibrary] AndroidManifest.xml:12:5-14:36
24        android:name="android.hardware.camera"
24-->[:unityLibrary] AndroidManifest.xml:13:9-47
25        android:required="true" />
25-->[:unityLibrary] AndroidManifest.xml:14:9-33
26    <uses-feature
26-->[:unityLibrary] AndroidManifest.xml:15:5-17:36
27        android:name="android.hardware.camera.autofocus"
27-->[:unityLibrary] AndroidManifest.xml:16:9-57
28        android:required="false" />
28-->[:unityLibrary] AndroidManifest.xml:17:9-33
29    <uses-feature
29-->[:unityLibrary] AndroidManifest.xml:18:5-20:36
30        android:name="android.hardware.camera.front"
30-->[:unityLibrary] AndroidManifest.xml:19:9-53
31        android:required="false" />
31-->[:unityLibrary] AndroidManifest.xml:20:9-33
32    <uses-feature
32-->[:unityLibrary] AndroidManifest.xml:21:5-23:36
33        android:name="android.hardware.touchscreen"
33-->[:unityLibrary] AndroidManifest.xml:22:9-52
34        android:required="false" />
34-->[:unityLibrary] AndroidManifest.xml:23:9-33
35    <uses-feature
35-->[:unityLibrary] AndroidManifest.xml:24:5-26:36
36        android:name="android.hardware.touchscreen.multitouch"
36-->[:unityLibrary] AndroidManifest.xml:25:9-63
37        android:required="false" />
37-->[:unityLibrary] AndroidManifest.xml:26:9-33
38    <uses-feature
38-->[:unityLibrary] AndroidManifest.xml:27:5-29:36
39        android:name="android.hardware.touchscreen.multitouch.distinct"
39-->[:unityLibrary] AndroidManifest.xml:28:9-72
40        android:required="false" />
40-->[:unityLibrary] AndroidManifest.xml:29:9-33
41    <uses-feature
41-->[:unityLibrary] AndroidManifest.xml:30:5-32:35
42        android:name="android.hardware.camera.ar"
42-->[:unityLibrary] AndroidManifest.xml:31:9-50
43        android:required="true" />
43-->[:unityLibrary] AndroidManifest.xml:32:9-32
44    <uses-feature
44-->[:unityLibrary] AndroidManifest.xml:33:5-35:35
45        android:name="com.google.ar.core.depth"
45-->[:unityLibrary] AndroidManifest.xml:34:9-48
46        android:required="true" />
46-->[:unityLibrary] AndroidManifest.xml:35:9-32
47
48    <queries>
48-->[:arcore_client:] AndroidManifest.xml:20:5-27:15
49        <package android:name="com.google.ar.core" />
49-->[:arcore_client:] AndroidManifest.xml:21:9-54
49-->[:arcore_client:] AndroidManifest.xml:21:18-51
50        <package android:name="com.android.vending" />
50-->[:arcore_client:] AndroidManifest.xml:22:9-55
50-->[:arcore_client:] AndroidManifest.xml:22:18-52
51
52        <intent>
52-->[:arcore_client:] AndroidManifest.xml:24:9-26:18
53            <action android:name="com.google.android.play.core.install.BIND_INSTALL_SERVICE" />
53-->[:arcore_client:] AndroidManifest.xml:25:13-96
53-->[:arcore_client:] AndroidManifest.xml:25:21-93
54        </intent>
55    </queries>
56    <!--
57        Required by Vuforia: Add this permission to access IMU sensors at high rate
58        for device tracker functionality on Android 12+.
59    -->
60    <uses-permission android:name="android.permission.HIGH_SAMPLING_RATE_SENSORS" /> <!-- Required by Vuforia: Add this permission to allow checking of network. -->
60-->[:VuforiaEngine:] AndroidManifest.xml:16:5-85
60-->[:VuforiaEngine:] AndroidManifest.xml:16:22-82
61    <uses-permission android:name="android.permission.ACCESS_NETWORK_STATE" />
61-->[:VuforiaEngine:] AndroidManifest.xml:19:5-79
61-->[:VuforiaEngine:] AndroidManifest.xml:19:22-76
62    <uses-permission android:name="android.permission.WRITE_EXTERNAL_STORAGE" />
63    <uses-permission android:name="android.permission.READ_PHONE_STATE" />
64    <uses-permission android:name="android.permission.READ_EXTERNAL_STORAGE" />
65
66    <application
66-->src\main\AndroidManifest.xml:3:3-83
67        android:extractNativeLibs="true"
67-->[:unityLibrary] AndroidManifest.xml:37:18-50
68        android:icon="@mipmap/app_icon"
68-->src\main\AndroidManifest.xml:3:49-80
69        android:label="@string/app_name" >
69-->src\main\AndroidManifest.xml:3:16-48
70        <meta-data
70-->[:unityLibrary] AndroidManifest.xml:38:9-40:33
71            android:name="unity.splash-mode"
71-->[:unityLibrary] AndroidManifest.xml:39:13-45
72            android:value="0" />
72-->[:unityLibrary] AndroidManifest.xml:40:13-30
73        <meta-data
73-->[:unityLibrary] AndroidManifest.xml:41:9-43:36
74            android:name="unity.splash-enable"
74-->[:unityLibrary] AndroidManifest.xml:42:13-47
75            android:value="True" />
75-->[:unityLibrary] AndroidManifest.xml:43:13-33
76        <meta-data
76-->[:unityLibrary] AndroidManifest.xml:44:9-46:36
77            android:name="unity.launch-fullscreen"
77-->[:unityLibrary] AndroidManifest.xml:45:13-51
78            android:value="True" />
78-->[:unityLibrary] AndroidManifest.xml:46:13-33
79        <meta-data
79-->[:unityLibrary] AndroidManifest.xml:47:9-49:36
80            android:name="unity.render-outside-safearea"
80-->[:unityLibrary] AndroidManifest.xml:48:13-57
81            android:value="True" />
81-->[:unityLibrary] AndroidManifest.xml:49:13-33
82        <meta-data
82-->[:unityLibrary] AndroidManifest.xml:50:9-52:50
83            android:name="notch.config"
83-->[:unityLibrary] AndroidManifest.xml:51:13-40
84            android:value="portrait|landscape" />
84-->[:unityLibrary] AndroidManifest.xml:52:13-47
85        <meta-data
85-->[:unityLibrary] AndroidManifest.xml:53:9-55:36
86            android:name="unity.auto-report-fully-drawn"
86-->[:unityLibrary] AndroidManifest.xml:54:13-57
87            android:value="true" />
87-->[:unityLibrary] AndroidManifest.xml:55:13-33
88
89        <activity
89-->[:unityLibrary] AndroidManifest.xml:57:9-78:20
90            android:name="com.unity3d.player.UnityPlayerActivity"
90-->[:unityLibrary] AndroidManifest.xml:58:13-66
91            android:configChanges="mcc|mnc|locale|touchscreen|keyboard|keyboardHidden|navigation|orientation|screenLayout|uiMode|screenSize|smallestScreenSize|fontScale|layoutDirection|density"
91-->[:unityLibrary] AndroidManifest.xml:59:13-194
92            android:exported="true"
92-->[:unityLibrary] AndroidManifest.xml:60:13-36
93            android:hardwareAccelerated="false"
93-->[:unityLibrary] AndroidManifest.xml:61:13-48
94            android:launchMode="singleTask"
94-->[:unityLibrary] AndroidManifest.xml:62:13-44
95            android:resizeableActivity="false"
95-->[:unityLibrary] AndroidManifest.xml:63:13-47
96            android:screenOrientation="portrait"
96-->[:unityLibrary] AndroidManifest.xml:64:13-49
97            android:theme="@style/UnityThemeSelector" >
97-->[:unityLibrary] AndroidManifest.xml:65:13-54
98            <intent-filter>
98-->[:unityLibrary] AndroidManifest.xml:66:13-70:29
99                <category android:name="android.intent.category.LAUNCHER" />
99-->[:unityLibrary] AndroidManifest.xml:67:17-77
99-->[:unityLibrary] AndroidManifest.xml:67:27-74
100
101                <action android:name="android.intent.action.MAIN" />
101-->[:unityLibrary] AndroidManifest.xml:69:17-69
101-->[:unityLibrary] AndroidManifest.xml:69:25-66
102            </intent-filter>
103
104            <meta-data
104-->[:unityLibrary] AndroidManifest.xml:72:13-74:40
105                android:name="unityplayer.UnityActivity"
105-->[:unityLibrary] AndroidManifest.xml:73:17-57
106                android:value="true" />
106-->[:unityLibrary] AndroidManifest.xml:74:17-37
107            <meta-data
107-->[:unityLibrary] AndroidManifest.xml:75:13-77:40
108                android:name="notch_support"
108-->[:unityLibrary] AndroidManifest.xml:76:17-45
109                android:value="true" />
109-->[:unityLibrary] AndroidManifest.xml:77:17-37
110        </activity>
111
112        <meta-data
112-->[:unityLibrary] AndroidManifest.xml:80:9-82:36
113            android:name="unityplayer.SkipPermissionsDialog"
113-->[:unityLibrary] AndroidManifest.xml:81:13-61
114            android:value="true" />
114-->[:unityLibrary] AndroidManifest.xml:82:13-33
115        <meta-data
115-->[:unityLibrary] AndroidManifest.xml:83:9-85:40
116            android:name="com.google.ar.core"
116-->[:unityLibrary] AndroidManifest.xml:84:13-46
117            android:value="required" /> <!-- The minimal version code of ARCore APK required for an app using this SDK. -->
117-->[:unityLibrary] AndroidManifest.xml:85:13-37
118        <meta-data
118-->[:arcore_client:] AndroidManifest.xml:32:9-34:41
119            android:name="com.google.ar.core.min_apk_version"
119-->[:arcore_client:] AndroidManifest.xml:33:13-62
120            android:value="240220000" /> <!-- This activity is critical for installing ARCore when it is not already present. -->
120-->[:arcore_client:] AndroidManifest.xml:34:13-38
121        <activity
121-->[:arcore_client:] AndroidManifest.xml:36:9-42:80
122            android:name="com.google.ar.core.InstallActivity"
122-->[:arcore_client:] AndroidManifest.xml:37:13-62
123            android:configChanges="keyboardHidden|orientation|screenSize"
123-->[:arcore_client:] AndroidManifest.xml:38:13-74
124            android:excludeFromRecents="true"
124-->[:arcore_client:] AndroidManifest.xml:39:13-46
125            android:exported="false"
125-->[:arcore_client:] AndroidManifest.xml:40:13-37
126            android:launchMode="singleTop"
126-->[:arcore_client:] AndroidManifest.xml:41:13-43
127            android:theme="@android:style/Theme.Material.Light.Dialog.Alert" />
127-->[:arcore_client:] AndroidManifest.xml:42:13-77
128
129        <provider
129-->[:VuforiaEngine:] AndroidManifest.xml:25:9-33:20
130            android:name="com.vuforia.engine.app.VuforiaContentProvider"
130-->[:VuforiaEngine:] AndroidManifest.xml:26:13-73
131            android:authorities="com.unity.template.ar_mobile.vuforia.share"
131-->[:VuforiaEngine:] AndroidManifest.xml:27:13-65
132            android:exported="false"
132-->[:VuforiaEngine:] AndroidManifest.xml:28:13-37
133            android:grantUriPermissions="true" >
133-->[:VuforiaEngine:] AndroidManifest.xml:29:13-47
134            <meta-data
134-->[:VuforiaEngine:] AndroidManifest.xml:30:13-32:53
135                android:name="android.support.FILE_PROVIDER_PATHS"
135-->[:VuforiaEngine:] AndroidManifest.xml:31:17-67
136                android:resource="@xml/filepaths" />
136-->[:VuforiaEngine:] AndroidManifest.xml:32:17-50
137        </provider>
138    </application>
139
140</manifest>